<?xml version="1.0" encoding="UTF-8"?>
<testsuite name="Validating calculator API" tests="1" skipped="0" failures="0" errors="0" timestamp="2022-04-23T09:51:31" hostname="DESKTOP-D36HBKP" time="2.145">
  <properties/>
  <testcase name="Verify if the calculator do a correct sum" classname="Validating calculator API" time="2.145"/>
  <system-out><![CDATA[]]></system-out>
  <system-err><![CDATA[]]></system-err>
</testsuite>
